2024-06-04 16:55:10,361 - indexing.indexing_data - INFO - IndexingPdfData initialised
2024-06-04 16:55:10,362 - indexing.indexing_data - INFO - 0 - File Enedis-NMO-CF_007E.pdf loaded
2024-06-04 16:55:14,036 - indexing.indexing_data - INFO - IndexingPdfData initialised
2024-06-04 16:55:14,037 - indexing.indexing_data - INFO - 0 - File Enedis-NMO-CF_007E.pdf loaded
2024-06-04 16:55:14,450 - indexing.indexing_data - INFO - HuggingFace token loaded from .env file
2024-06-04 16:55:20,167 - indexing.indexing_data - INFO - IndexingPdfData initialised
2024-06-04 16:55:20,168 - indexing.indexing_data - INFO - 0 - File Enedis-NMO-CF_007E.pdf loaded
2024-06-04 16:55:20,572 - indexing.indexing_data - INFO - HuggingFace token loaded from .env file
2024-06-04 16:55:20,792 - indexing.indexing_data - INFO - Vector database saved localy in /var/folders/cq/36_5m7vj2p5gdh5m_ndm8l680000gn/T/tmpl5tw2n2l/db
2024-06-04 16:55:22,330 - indexing.indexing_data - INFO - IndexingPdfData initialised
2024-06-04 16:55:22,331 - indexing.indexing_data - INFO - 0 - File Enedis-NMO-CF_007E.pdf loaded
2024-06-04 16:55:22,725 - indexing.indexing_data - INFO - HuggingFace token loaded from .env file
2024-06-04 16:55:22,807 - indexing.indexing_data - INFO - Vector database saved localy in /var/folders/cq/36_5m7vj2p5gdh5m_ndm8l680000gn/T/tmptev61ceu/db
2024-06-04 16:55:24,317 - indexing.indexing_data - INFO - IndexingPdfData initialised
2024-06-04 16:55:24,318 - indexing.indexing_data - INFO - 0 - File Enedis-NMO-CF_007E.pdf loaded
2024-06-04 16:55:24,731 - indexing.indexing_data - INFO - HuggingFace token loaded from .env file
2024-06-04 16:55:24,811 - indexing.indexing_data - INFO - Similarity search done with electricite
2024-06-04 16:58:09,709 - indexing.indexing_data - INFO - IndexingPdfData initialised
2024-06-04 16:58:09,711 - indexing.indexing_data - INFO - 0 - File Enedis-NMO-CF_007E.pdf loaded
2024-06-04 16:58:12,528 - indexing.indexing_data - INFO - IndexingPdfData initialised
2024-06-04 16:58:12,529 - indexing.indexing_data - INFO - 0 - File Enedis-NMO-CF_007E.pdf loaded
2024-06-04 16:58:12,914 - indexing.indexing_data - INFO - HuggingFace token loaded from .env file
2024-06-04 16:58:15,468 - indexing.indexing_data - INFO - IndexingPdfData initialised
2024-06-04 16:58:15,470 - indexing.indexing_data - INFO - 0 - File Enedis-NMO-CF_007E.pdf loaded
2024-06-04 16:58:15,981 - indexing.indexing_data - INFO - HuggingFace token loaded from .env file
2024-06-04 16:58:16,237 - indexing.indexing_data - INFO - Vector database saved localy in /var/folders/cq/36_5m7vj2p5gdh5m_ndm8l680000gn/T/tmp8hn76jhp/faiss_index
2024-06-04 16:58:18,073 - indexing.indexing_data - INFO - IndexingPdfData initialised
2024-06-04 16:58:18,074 - indexing.indexing_data - INFO - 0 - File Enedis-NMO-CF_007E.pdf loaded
2024-06-04 16:58:18,487 - indexing.indexing_data - INFO - HuggingFace token loaded from .env file
2024-06-04 16:58:18,570 - indexing.indexing_data - INFO - Vector database saved localy in /var/folders/cq/36_5m7vj2p5gdh5m_ndm8l680000gn/T/tmpafe_t2mh/db
2024-06-04 16:58:20,062 - indexing.indexing_data - INFO - IndexingPdfData initialised
2024-06-04 16:58:20,063 - indexing.indexing_data - INFO - 0 - File Enedis-NMO-CF_007E.pdf loaded
2024-06-04 16:58:20,463 - indexing.indexing_data - INFO - HuggingFace token loaded from .env file
2024-06-04 16:58:20,545 - indexing.indexing_data - INFO - Similarity search done with electricite
2024-06-04 16:59:39,740 - indexing.indexing_data - INFO - IndexingPdfData initialised
2024-06-04 16:59:39,742 - indexing.indexing_data - INFO - 0 - File Enedis-NMO-CF_007E.pdf loaded
2024-06-04 16:59:42,419 - indexing.indexing_data - INFO - IndexingPdfData initialised
2024-06-04 16:59:42,420 - indexing.indexing_data - INFO - 0 - File Enedis-NMO-CF_007E.pdf loaded
2024-06-04 16:59:42,851 - indexing.indexing_data - INFO - HuggingFace token loaded from .env file
2024-06-04 16:59:44,792 - indexing.indexing_data - INFO - IndexingPdfData initialised
2024-06-04 16:59:44,792 - indexing.indexing_data - INFO - 0 - File Enedis-NMO-CF_007E.pdf loaded
2024-06-04 16:59:45,223 - indexing.indexing_data - INFO - HuggingFace token loaded from .env file
2024-06-04 16:59:45,470 - indexing.indexing_data - INFO - Vector database saved localy in faiss_index
2024-06-04 16:59:46,913 - indexing.indexing_data - INFO - IndexingPdfData initialised
2024-06-04 16:59:46,914 - indexing.indexing_data - INFO - 0 - File Enedis-NMO-CF_007E.pdf loaded
2024-06-04 16:59:47,337 - indexing.indexing_data - INFO - HuggingFace token loaded from .env file
2024-06-04 16:59:47,420 - indexing.indexing_data - INFO - Vector database saved localy in /var/folders/cq/36_5m7vj2p5gdh5m_ndm8l680000gn/T/tmpt0qhgs9o/db
2024-06-04 16:59:48,840 - indexing.indexing_data - INFO - IndexingPdfData initialised
2024-06-04 16:59:48,841 - indexing.indexing_data - INFO - 0 - File Enedis-NMO-CF_007E.pdf loaded
2024-06-04 16:59:49,242 - indexing.indexing_data - INFO - HuggingFace token loaded from .env file
2024-06-04 16:59:49,327 - indexing.indexing_data - INFO - Similarity search done with electricite
2024-06-04 17:02:15,768 - indexing.indexing_data - INFO - IndexingPdfData initialised
2024-06-04 17:02:15,770 - indexing.indexing_data - INFO - 0 - File Enedis-NMO-CF_007E.pdf loaded
2024-06-04 17:02:18,644 - indexing.indexing_data - INFO - IndexingPdfData initialised
2024-06-04 17:02:18,645 - indexing.indexing_data - INFO - 0 - File Enedis-NMO-CF_007E.pdf loaded
2024-06-04 17:02:19,104 - indexing.indexing_data - INFO - HuggingFace token loaded from .env file
2024-06-04 17:02:21,316 - indexing.indexing_data - INFO - IndexingPdfData initialised
2024-06-04 17:02:21,316 - indexing.indexing_data - INFO - 0 - File Enedis-NMO-CF_007E.pdf loaded
2024-06-04 17:02:21,798 - indexing.indexing_data - INFO - HuggingFace token loaded from .env file
2024-06-04 17:02:23,572 - indexing.indexing_data - INFO - IndexingPdfData initialised
2024-06-04 17:02:23,573 - indexing.indexing_data - INFO - 0 - File Enedis-NMO-CF_007E.pdf loaded
2024-06-04 17:02:24,105 - indexing.indexing_data - INFO - HuggingFace token loaded from .env file
2024-06-04 17:02:24,189 - indexing.indexing_data - INFO - Vector database saved localy in /var/folders/cq/36_5m7vj2p5gdh5m_ndm8l680000gn/T/tmpywg11spk/db
2024-06-04 17:02:25,775 - indexing.indexing_data - INFO - IndexingPdfData initialised
2024-06-04 17:02:25,775 - indexing.indexing_data - INFO - 0 - File Enedis-NMO-CF_007E.pdf loaded
2024-06-04 17:02:26,213 - indexing.indexing_data - INFO - HuggingFace token loaded from .env file
2024-06-04 17:02:26,295 - indexing.indexing_data - INFO - Similarity search done with electricite
2024-06-04 17:03:35,669 - indexing.indexing_data - INFO - IndexingPdfData initialised
2024-06-04 17:03:35,671 - indexing.indexing_data - INFO - 0 - File Enedis-NMO-CF_007E.pdf loaded
2024-06-04 17:03:38,431 - indexing.indexing_data - INFO - IndexingPdfData initialised
2024-06-04 17:03:38,432 - indexing.indexing_data - INFO - 0 - File Enedis-NMO-CF_007E.pdf loaded
2024-06-04 17:03:38,862 - indexing.indexing_data - INFO - HuggingFace token loaded from .env file
2024-06-04 17:03:40,859 - indexing.indexing_data - INFO - IndexingPdfData initialised
2024-06-04 17:03:40,859 - indexing.indexing_data - INFO - 0 - File Enedis-NMO-CF_007E.pdf loaded
2024-06-04 17:03:41,312 - indexing.indexing_data - INFO - HuggingFace token loaded from .env file
2024-06-04 17:03:43,048 - indexing.indexing_data - INFO - IndexingPdfData initialised
2024-06-04 17:03:43,049 - indexing.indexing_data - INFO - 0 - File Enedis-NMO-CF_007E.pdf loaded
2024-06-04 17:03:43,453 - indexing.indexing_data - INFO - HuggingFace token loaded from .env file
2024-06-04 17:03:43,538 - indexing.indexing_data - INFO - Vector database saved localy in /var/folders/cq/36_5m7vj2p5gdh5m_ndm8l680000gn/T/tmpso5dv663/db
2024-06-04 17:03:45,209 - indexing.indexing_data - INFO - IndexingPdfData initialised
2024-06-04 17:03:45,210 - indexing.indexing_data - INFO - 0 - File Enedis-NMO-CF_007E.pdf loaded
2024-06-04 17:03:45,627 - indexing.indexing_data - INFO - HuggingFace token loaded from .env file
2024-06-04 17:03:45,707 - indexing.indexing_data - INFO - Similarity search done with electricite
2024-06-04 17:06:09,218 - indexing.indexing_data - INFO - IndexingPdfData initialised
2024-06-04 17:06:09,219 - indexing.indexing_data - INFO - 0 - File Enedis-NMO-CF_007E.pdf loaded
2024-06-04 17:06:12,453 - indexing.indexing_data - INFO - IndexingPdfData initialised
2024-06-04 17:06:12,454 - indexing.indexing_data - INFO - 0 - File Enedis-NMO-CF_007E.pdf loaded
2024-06-04 17:06:13,375 - indexing.indexing_data - INFO - HuggingFace token loaded from .env file
2024-06-04 17:06:15,523 - indexing.indexing_data - INFO - IndexingPdfData initialised
2024-06-04 17:06:15,524 - indexing.indexing_data - INFO - 0 - File Enedis-NMO-CF_007E.pdf loaded
2024-06-04 17:06:16,307 - indexing.indexing_data - INFO - HuggingFace token loaded from .env file
2024-06-04 17:06:18,281 - indexing.indexing_data - INFO - IndexingPdfData initialised
2024-06-04 17:06:18,286 - indexing.indexing_data - INFO - 0 - File Enedis-NMO-CF_007E.pdf loaded
2024-06-04 17:06:19,180 - indexing.indexing_data - INFO - HuggingFace token loaded from .env file
2024-06-04 17:06:19,265 - indexing.indexing_data - INFO - Similarity search done with electricite
2024-06-04 17:07:20,363 - indexing.indexing_data - INFO - IndexingPdfData initialised
2024-06-04 17:07:20,364 - indexing.indexing_data - INFO - 0 - File Enedis-NMO-CF_007E.pdf loaded
2024-06-04 17:07:22,925 - indexing.indexing_data - INFO - IndexingPdfData initialised
2024-06-04 17:07:22,925 - indexing.indexing_data - INFO - 0 - File Enedis-NMO-CF_007E.pdf loaded
2024-06-04 17:07:23,385 - indexing.indexing_data - INFO - HuggingFace token loaded from .env file
2024-06-04 17:07:25,793 - indexing.indexing_data - INFO - IndexingPdfData initialised
2024-06-04 17:07:25,794 - indexing.indexing_data - INFO - 0 - File Enedis-NMO-CF_007E.pdf loaded
2024-06-04 17:07:26,199 - indexing.indexing_data - INFO - HuggingFace token loaded from .env file
2024-06-04 17:07:27,904 - indexing.indexing_data - INFO - IndexingPdfData initialised
2024-06-04 17:07:27,907 - indexing.indexing_data - INFO - 0 - File Enedis-NMO-CF_007E.pdf loaded
2024-06-04 17:07:28,402 - indexing.indexing_data - INFO - HuggingFace token loaded from .env file
2024-06-04 17:07:28,485 - indexing.indexing_data - INFO - Similarity search done with electricite
2024-06-04 17:11:09,926 - indexing.indexing_data - INFO - IndexingPdfData initialised
2024-06-04 17:11:09,928 - indexing.indexing_data - INFO - 0 - File Enedis-NMO-CF_007E.pdf loaded
2024-06-04 17:55:42,189 - indexing.indexing_data - INFO - IndexingPdfData initialised
2024-06-04 17:55:42,195 - indexing.indexing_data - INFO - 0 - File Enedis-NMO-CF_007E.pdf loaded
2024-06-04 17:55:45,806 - indexing.indexing_data - INFO - IndexingPdfData initialised
2024-06-04 17:55:45,808 - indexing.indexing_data - INFO - 0 - File Enedis-NMO-CF_007E.pdf loaded
2024-06-04 17:55:46,279 - indexing.indexing_data - INFO - HuggingFace token loaded from .env file
2024-06-04 17:55:48,495 - indexing.indexing_data - INFO - IndexingPdfData initialised
2024-06-04 17:55:48,499 - indexing.indexing_data - INFO - 0 - File Enedis-NMO-CF_007E.pdf loaded
2024-06-04 17:55:48,908 - indexing.indexing_data - INFO - HuggingFace token loaded from .env file
2024-06-04 17:55:50,691 - indexing.indexing_data - INFO - IndexingPdfData initialised
2024-06-04 17:55:50,692 - indexing.indexing_data - INFO - 0 - File Enedis-NMO-CF_007E.pdf loaded
2024-06-04 17:55:51,160 - indexing.indexing_data - INFO - HuggingFace token loaded from .env file
2024-06-04 17:55:51,243 - indexing.indexing_data - INFO - Similarity search done with electricite
2024-06-04 17:58:28,668 - indexing.indexing_data - INFO - IndexingPdfData initialised
2024-06-04 17:58:28,671 - indexing.indexing_data - INFO - 0 - File Enedis-NMO-CF_007E.pdf loaded
2024-06-04 17:58:31,411 - indexing.indexing_data - INFO - IndexingPdfData initialised
2024-06-04 17:58:31,412 - indexing.indexing_data - INFO - 0 - File Enedis-NMO-CF_007E.pdf loaded
2024-06-04 17:58:31,815 - indexing.indexing_data - INFO - HuggingFace token loaded from .env file
2024-06-04 17:58:33,810 - indexing.indexing_data - INFO - IndexingPdfData initialised
2024-06-04 17:58:33,811 - indexing.indexing_data - INFO - 0 - File Enedis-NMO-CF_007E.pdf loaded
2024-06-04 17:58:34,216 - indexing.indexing_data - INFO - HuggingFace token loaded from .env file
2024-06-04 17:58:34,495 - indexing.indexing_data - INFO - Vector database saved localy in __test1_faiss_index
2024-06-04 17:58:36,148 - indexing.indexing_data - INFO - IndexingPdfData initialised
2024-06-04 17:58:36,148 - indexing.indexing_data - INFO - 0 - File Enedis-NMO-CF_007E.pdf loaded
2024-06-04 17:58:36,618 - indexing.indexing_data - INFO - HuggingFace token loaded from .env file
2024-06-04 17:58:36,703 - indexing.indexing_data - INFO - Similarity search done with electricite
2024-06-04 17:59:41,571 - indexing.indexing_data - INFO - IndexingPdfData initialised
2024-06-04 17:59:41,573 - indexing.indexing_data - INFO - 0 - File Enedis-NMO-CF_007E.pdf loaded
2024-06-04 17:59:44,051 - indexing.indexing_data - INFO - IndexingPdfData initialised
2024-06-04 17:59:44,052 - indexing.indexing_data - INFO - 0 - File Enedis-NMO-CF_007E.pdf loaded
2024-06-04 17:59:44,439 - indexing.indexing_data - INFO - HuggingFace token loaded from .env file
2024-06-04 17:59:46,596 - indexing.indexing_data - INFO - IndexingPdfData initialised
2024-06-04 17:59:46,596 - indexing.indexing_data - INFO - 0 - File Enedis-NMO-CF_007E.pdf loaded
2024-06-04 17:59:46,990 - indexing.indexing_data - INFO - HuggingFace token loaded from .env file
2024-06-04 17:59:47,277 - indexing.indexing_data - INFO - Vector database saved localy in __test1_faiss_index
2024-06-04 17:59:48,781 - indexing.indexing_data - INFO - IndexingPdfData initialised
2024-06-04 17:59:48,782 - indexing.indexing_data - INFO - 0 - File Enedis-NMO-CF_007E.pdf loaded
2024-06-04 17:59:49,178 - indexing.indexing_data - INFO - HuggingFace token loaded from .env file
2024-06-04 17:59:49,261 - indexing.indexing_data - INFO - Vector database saved localy in __test2_faiss_index
2024-06-04 17:59:49,261 - indexing.indexing_data - INFO - Vector database loaded from __test2_faiss_index
2024-06-04 17:59:51,012 - indexing.indexing_data - INFO - IndexingPdfData initialised
2024-06-04 17:59:51,013 - indexing.indexing_data - INFO - 0 - File Enedis-NMO-CF_007E.pdf loaded
2024-06-04 17:59:51,415 - indexing.indexing_data - INFO - HuggingFace token loaded from .env file
2024-06-04 17:59:51,498 - indexing.indexing_data - INFO - Similarity search done with electricite
2024-06-04 18:04:31,098 - indexing.indexing_data - INFO - IndexingPdfData initialised
2024-06-04 18:04:31,100 - indexing.indexing_data - INFO - 0 - File Enedis-NMO-CF_007E.pdf loaded
2024-06-04 18:04:33,901 - indexing.indexing_data - INFO - IndexingPdfData initialised
2024-06-04 18:04:33,901 - indexing.indexing_data - INFO - 0 - File Enedis-NMO-CF_007E.pdf loaded
2024-06-04 18:04:34,308 - indexing.indexing_data - INFO - HuggingFace token loaded from .env file
2024-06-04 18:04:36,312 - indexing.indexing_data - INFO - IndexingPdfData initialised
2024-06-04 18:04:36,312 - indexing.indexing_data - INFO - 0 - File Enedis-NMO-CF_007E.pdf loaded
2024-06-04 18:04:36,705 - indexing.indexing_data - INFO - HuggingFace token loaded from .env file
2024-06-04 18:04:36,983 - indexing.indexing_data - INFO - Vector database saved localy in __test1_faiss_index
2024-06-04 18:04:38,422 - indexing.indexing_data - INFO - IndexingPdfData initialised
2024-06-04 18:04:38,422 - indexing.indexing_data - INFO - 0 - File Enedis-NMO-CF_007E.pdf loaded
2024-06-04 18:04:38,850 - indexing.indexing_data - INFO - HuggingFace token loaded from .env file
2024-06-04 18:04:38,935 - indexing.indexing_data - INFO - Vector database saved localy in __test2_faiss_index
2024-06-04 18:04:38,937 - indexing.indexing_data - INFO - Vector database loaded from __test2_faiss_index
2024-06-04 18:04:40,338 - indexing.indexing_data - INFO - IndexingPdfData initialised
2024-06-04 18:04:40,339 - indexing.indexing_data - INFO - 0 - File Enedis-NMO-CF_007E.pdf loaded
2024-06-04 18:04:40,823 - indexing.indexing_data - INFO - HuggingFace token loaded from .env file
2024-06-04 18:04:40,901 - indexing.indexing_data - INFO - Similarity search done with electricite
2024-06-04 18:05:08,032 - indexing.indexing_data - INFO - IndexingPdfData initialised
2024-06-04 18:05:08,033 - indexing.indexing_data - INFO - 0 - File Enedis-NMO-CF_007E.pdf loaded
2024-06-04 18:05:10,579 - indexing.indexing_data - INFO - IndexingPdfData initialised
2024-06-04 18:05:10,579 - indexing.indexing_data - INFO - 0 - File Enedis-NMO-CF_007E.pdf loaded
2024-06-04 18:05:10,990 - indexing.indexing_data - INFO - HuggingFace token loaded from .env file
2024-06-04 18:05:12,964 - indexing.indexing_data - INFO - IndexingPdfData initialised
2024-06-04 18:05:12,964 - indexing.indexing_data - INFO - 0 - File Enedis-NMO-CF_007E.pdf loaded
2024-06-04 18:05:13,367 - indexing.indexing_data - INFO - HuggingFace token loaded from .env file
2024-06-04 18:05:13,496 - indexing.indexing_data - INFO - Vector database saved localy in __test1_faiss_index
2024-06-04 18:05:14,941 - indexing.indexing_data - INFO - IndexingPdfData initialised
2024-06-04 18:05:14,942 - indexing.indexing_data - INFO - 0 - File Enedis-NMO-CF_007E.pdf loaded
2024-06-04 18:05:15,342 - indexing.indexing_data - INFO - HuggingFace token loaded from .env file
2024-06-04 18:05:15,424 - indexing.indexing_data - INFO - Vector database saved localy in __test2_faiss_index
2024-06-04 18:05:15,425 - indexing.indexing_data - INFO - Vector database loaded from __test2_faiss_index
2024-06-04 18:05:16,835 - indexing.indexing_data - INFO - IndexingPdfData initialised
2024-06-04 18:05:16,835 - indexing.indexing_data - INFO - 0 - File Enedis-NMO-CF_007E.pdf loaded
2024-06-04 18:05:17,250 - indexing.indexing_data - INFO - HuggingFace token loaded from .env file
2024-06-04 18:05:17,330 - indexing.indexing_data - INFO - Similarity search done with electricite
2024-06-04 18:06:08,121 - indexing.indexing_data - INFO - IndexingPdfData initialised
2024-06-04 18:06:08,122 - indexing.indexing_data - INFO - 0 - File Enedis-NMO-CF_007E.pdf loaded
2024-06-04 18:06:10,629 - indexing.indexing_data - INFO - IndexingPdfData initialised
2024-06-04 18:06:10,629 - indexing.indexing_data - INFO - 0 - File Enedis-NMO-CF_007E.pdf loaded
2024-06-04 18:06:11,039 - indexing.indexing_data - INFO - HuggingFace token loaded from .env file
2024-06-04 18:06:12,968 - indexing.indexing_data - INFO - IndexingPdfData initialised
2024-06-04 18:06:12,968 - indexing.indexing_data - INFO - 0 - File Enedis-NMO-CF_007E.pdf loaded
2024-06-04 18:06:13,420 - indexing.indexing_data - INFO - HuggingFace token loaded from .env file
2024-06-04 18:06:13,598 - indexing.indexing_data - INFO - Vector database saved localy in __test1_faiss_index
2024-06-04 18:06:14,921 - indexing.indexing_data - INFO - IndexingPdfData initialised
2024-06-04 18:06:14,922 - indexing.indexing_data - INFO - 0 - File Enedis-NMO-CF_007E.pdf loaded
2024-06-04 18:06:15,361 - indexing.indexing_data - INFO - HuggingFace token loaded from .env file
2024-06-04 18:06:15,441 - indexing.indexing_data - INFO - Vector database saved localy in __test2_faiss_index
2024-06-04 18:06:15,442 - indexing.indexing_data - INFO - Vector database loaded from __test2_faiss_index
2024-06-04 18:06:16,744 - indexing.indexing_data - INFO - IndexingPdfData initialised
2024-06-04 18:06:16,744 - indexing.indexing_data - INFO - 0 - File Enedis-NMO-CF_007E.pdf loaded
2024-06-04 18:06:17,161 - indexing.indexing_data - INFO - HuggingFace token loaded from .env file
2024-06-04 18:06:17,241 - indexing.indexing_data - INFO - Similarity search done with electricite
2024-06-05 17:16:41,738 - indexing.indexing_data - INFO - IndexingPdfData initialised
2024-06-05 17:16:41,739 - indexing.indexing_data - INFO - 0 - File Enedis-NMO-CF_007E.pdf loaded
2024-06-05 17:16:45,337 - indexing.indexing_data - INFO - IndexingPdfData initialised
2024-06-05 17:16:45,338 - indexing.indexing_data - INFO - 0 - File Enedis-NMO-CF_007E.pdf loaded
2024-06-05 17:16:46,655 - indexing.indexing_data - INFO - IndexingPdfData initialised
2024-06-05 17:16:46,656 - indexing.indexing_data - INFO - 0 - File Enedis-NMO-CF_007E.pdf loaded
2024-06-05 17:16:48,127 - indexing.indexing_data - INFO - IndexingPdfData initialised
2024-06-05 17:16:48,128 - indexing.indexing_data - INFO - 0 - File Enedis-NMO-CF_007E.pdf loaded
2024-06-06 09:19:16,647 - indexing.indexing_data - INFO - IndexingPdfData initialised
2024-06-06 09:19:16,649 - indexing.indexing_data - INFO - 0 - File Enedis-NMO-CF_007E.pdf loaded
2024-06-06 09:19:20,988 - indexing.indexing_data - INFO - IndexingPdfData initialised
2024-06-06 09:19:20,990 - indexing.indexing_data - INFO - 0 - File Enedis-NMO-CF_007E.pdf loaded
2024-06-06 09:19:22,250 - indexing.indexing_data - INFO - IndexingPdfData initialised
2024-06-06 09:19:22,251 - indexing.indexing_data - INFO - 0 - File Enedis-NMO-CF_007E.pdf loaded
2024-06-06 09:19:23,470 - indexing.indexing_data - INFO - IndexingPdfData initialised
2024-06-06 09:19:23,471 - indexing.indexing_data - INFO - 0 - File Enedis-NMO-CF_007E.pdf loaded
